<?xml version="1.0" encoding="UTF-8"?>
<testsuite name="com.seung.booboo.springboot.web.HelloControllerTest" tests="2" skipped="0" failures="0" errors="0" timestamp="2022-01-09T10:15:26" hostname="LAPTOP-7HV2N31E" time="1.876">
  <properties/>
  <testcase name="hello가_리턴된다" classname="com.seung.booboo.springboot.web.HelloControllerTest" time="1.495"/>
  <testcase name="HelloDTO가_리턴된다" classname="com.seung.booboo.springboot.web.HelloControllerTest" time="0.38"/>
  <system-out><![CDATA[19:15:11.744 [Test worker] DEBUG org.springframework.test.context.junit4.SpringJUnit4ClassRunner - SpringJUnit4ClassRunner constructor called with [class com.seung.booboo.springboot.web.HelloControllerTest]
19:15:11.768 [Test worker] DEBUG org.springframework.test.context.BootstrapUtils - Instantiating CacheAwareContextLoaderDelegate from class [org.springframework.test.context.cache.DefaultCacheAwareContextLoaderDelegate]
19:15:11.814 [Test worker] DEBUG org.springframework.test.context.BootstrapUtils - Instantiating BootstrapContext using constructor [public org.springframework.test.context.support.DefaultBootstrapContext(java.lang.Class,org.springframework.test.context.CacheAwareContextLoaderDelegate)]
19:15:11.870 [Test worker] DEBUG org.springframework.test.context.BootstrapUtils - Instantiating TestContextBootstrapper for test class [com.seung.booboo.springboot.web.HelloControllerTest] from class [org.springframework.boot.test.autoconfigure.web.servlet.WebMvcTestContextBootstrapper]
19:15:11.924 [Test worker] INFO org.springframework.boot.test.autoconfigure.web.servlet.WebMvcTestContextBootstrapper - Neither @ContextConfiguration nor @ContextHierarchy found for test class [com.seung.booboo.springboot.web.HelloControllerTest], using SpringBootContextLoader
19:15:11.938 [Test worker] DEBUG org.springframework.test.context.support.AbstractContextLoader - Did not detect default resource location for test class [com.seung.booboo.springboot.web.HelloControllerTest]: class path resource [com/seung/booboo/springboot/web/HelloControllerTest-context.xml] does not exist
19:15:11.939 [Test worker] DEBUG org.springframework.test.context.support.AbstractContextLoader - Did not detect default resource location for test class [com.seung.booboo.springboot.web.HelloControllerTest]: class path resource [com/seung/booboo/springboot/web/HelloControllerTestContext.groovy] does not exist
19:15:11.940 [Test worker] INFO org.springframework.test.context.support.AbstractContextLoader - Could not detect default resource locations for test class [com.seung.booboo.springboot.web.HelloControllerTest]: no resource found for suffixes {-context.xml, Context.groovy}.
19:15:11.943 [Test worker] INFO org.springframework.test.context.support.AnnotationConfigContextLoaderUtils - Could not detect default configuration classes for test class [com.seung.booboo.springboot.web.HelloControllerTest]: HelloControllerTest does not declare any static, non-private, non-final, nested classes annotated with @Configuration.
19:15:12.209 [Test worker] DEBUG org.springframework.test.context.support.ActiveProfilesUtils - Could not find an 'annotation declaring class' for annotation type [org.springframework.test.context.ActiveProfiles] and class [com.seung.booboo.springboot.web.HelloControllerTest]
19:15:12.526 [Test worker] DEBUG org.springframework.context.annotation.ClassPathScanningCandidateComponentProvider - Identified candidate component class: file [C:\Users\seung\Desktop\Spring_BootPJ_booboo\build\classes\java\main\com\seung\booboo\springboot\Application.class]
19:15:12.529 [Test worker] INFO org.springframework.boot.test.context.SpringBootTestContextBootstrapper - Found @SpringBootConfiguration com.seung.booboo.springboot.Application for test class com.seung.booboo.springboot.web.HelloControllerTest
19:15:12.533 [Test worker] DEBUG org.springframework.boot.test.autoconfigure.web.servlet.WebMvcTestContextBootstrapper - @TestExecutionListeners is not present for class [com.seung.booboo.springboot.web.HelloControllerTest]: using defaults.
19:15:12.535 [Test worker] INFO org.springframework.boot.test.autoconfigure.web.servlet.WebMvcTestContextBootstrapper - Loaded default TestExecutionListener class names from location [META-INF/spring.factories]: [org.springframework.security.test.context.support.WithSecurityContextTestExecutionListener, org.springframework.security.test.context.support.ReactorContextTestExecutionListener, org.springframework.boot.test.autoconfigure.restdocs.RestDocsTestExecutionListener, org.springframework.boot.test.autoconfigure.web.client.MockRestServiceServerResetTestExecutionListener, org.springframework.boot.test.autoconfigure.web.servlet.MockMvcPrintOnlyOnFailureTestExecutionListener, org.springframework.boot.test.autoconfigure.web.servlet.WebDriverTestExecutionListener, org.springframework.boot.test.mock.mockito.MockitoTestExecutionListener, org.springframework.boot.test.mock.mockito.ResetMocksTestExecutionListener, org.springframework.test.context.web.ServletTestExecutionListener, org.springframework.test.context.support.DirtiesContextBeforeModesTestExecutionListener, org.springframework.test.context.support.DependencyInjectionTestExecutionListener, org.springframework.test.context.support.DirtiesContextTestExecutionListener, org.springframework.test.context.transaction.TransactionalTestExecutionListener, org.springframework.test.context.jdbc.SqlScriptsTestExecutionListener]
19:15:12.599 [Test worker] INFO org.springframework.boot.test.autoconfigure.web.servlet.WebMvcTestContextBootstrapper - Using TestExecutionListeners: [org.springframework.test.context.web.ServletTestExecutionListener@544edab8, org.springframework.test.context.support.DirtiesContextBeforeModesTestExecutionListener@6f85771f, org.springframework.boot.test.mock.mockito.MockitoTestExecutionListener@22dd36d0, org.springframework.boot.test.autoconfigure.SpringBootDependencyInjectionTestExecutionListener@76890eb2, org.springframework.test.context.support.DirtiesContextTestExecutionListener@543091c1, org.springframework.test.context.transaction.TransactionalTestExecutionListener@10c939d7, org.springframework.test.context.jdbc.SqlScriptsTestExecutionListener@5be9e6a8, org.springframework.security.test.context.support.WithSecurityContextTestExecutionListener@65ab8ff9, org.springframework.security.test.context.support.ReactorContextTestExecutionListener@3545b414, org.springframework.boot.test.autoconfigure.restdocs.RestDocsTestExecutionListener@6c1b24ea, org.springframework.boot.test.autoconfigure.web.client.MockRestServiceServerResetTestExecutionListener@78d34367, org.springframework.boot.test.autoconfigure.web.servlet.MockMvcPrintOnlyOnFailureTestExecutionListener@41becfc3, org.springframework.boot.test.autoconfigure.web.servlet.WebDriverTestExecutionListener@59c336f4, org.springframework.boot.test.mock.mockito.ResetMocksTestExecutionListener@6cca6552]
19:15:12.613 [Test worker] DEBUG org.springframework.test.annotation.ProfileValueUtils - Retrieved @ProfileValueSourceConfiguration [null] for test class [com.seung.booboo.springboot.web.HelloControllerTest]
19:15:12.619 [Test worker] DEBUG org.springframework.test.annotation.ProfileValueUtils - Retrieved ProfileValueSource type [class org.springframework.test.annotation.SystemProfileValueSource] for class [com.seung.booboo.springboot.web.HelloControllerTest]
19:15:12.623 [Test worker] DEBUG org.springframework.test.annotation.ProfileValueUtils - Retrieved @ProfileValueSourceConfiguration [null] for test class [com.seung.booboo.springboot.web.HelloControllerTest]
19:15:12.623 [Test worker] DEBUG org.springframework.test.annotation.ProfileValueUtils - Retrieved ProfileValueSource type [class org.springframework.test.annotation.SystemProfileValueSource] for class [com.seung.booboo.springboot.web.HelloControllerTest]
19:15:12.642 [Test worker] DEBUG org.springframework.test.context.support.AbstractDirtiesContextTestExecutionListener - Before test class: context [DefaultTestContext@3c6b8940 testClass = HelloControllerTest, testInstance = [null], testMethod = [null], testException = [null], mergedContextConfiguration = [WebMergedContextConfiguration@6d588596 testClass = HelloControllerTest, locations = '{}', classes = '{class com.seung.booboo.springboot.Application}', contextInitializerClasses = '[]', activeProfiles = '{}', propertySourceLocations = '{}', propertySourceProperties = '{org.springframework.boot.test.autoconfigure.web.servlet.WebMvcTestContextBootstrapper=true}', contextCustomizers = set[org.springframework.boot.test.autoconfigure.OverrideAutoConfigurationContextCustomizerFactory$DisableAutoConfigurationContextCustomizer@1453a7d, org.springframework.boot.test.autoconfigure.filter.TypeExcludeFiltersContextCustomizer@94a5e008, org.springframework.boot.test.autoconfigure.properties.PropertyMappingContextCustomizer@b20cc438, org.springframework.boot.test.autoconfigure.web.servlet.WebDriverContextCustomizerFactory$Customizer@496b3936, [ImportsContextCustomizer@17f623be key = [org.springframework.boot.autoconfigure.cache.CacheAutoConfiguration, org.springframework.boot.autoconfigure.context.MessageSourceAutoConfiguration, org.springframework.boot.autoconfigure.data.web.SpringDataWebAutoConfiguration, org.springframework.boot.autoconfigure.freemarker.FreeMarkerAutoConfiguration, org.springframework.boot.autoconfigure.groovy.template.GroovyTemplateAutoConfiguration, org.springframework.boot.autoconfigure.gson.GsonAutoConfiguration, org.springframework.boot.autoconfigure.hateoas.HypermediaAutoConfiguration, org.springframework.boot.autoconfigure.http.HttpMessageConvertersAutoConfiguration, org.springframework.boot.autoconfigure.jackson.JacksonAutoConfiguration, org.springframework.boot.autoconfigure.jsonb.JsonbAutoConfiguration, org.springframework.boot.autoconfigure.mustache.MustacheAutoConfiguration, org.springframework.boot.autoconfigure.task.TaskExecutionAutoConfiguration, org.springframework.boot.autoconfigure.thymeleaf.ThymeleafAutoConfiguration, org.springframework.boot.autoconfigure.validation.ValidationAutoConfiguration, org.springframework.boot.autoconfigure.web.servlet.error.ErrorMvcAutoConfiguration, org.springframework.boot.autoconfigure.web.servlet.WebMvcAutoConfiguration, org.springframework.boot.test.autoconfigure.web.servlet.MockMvcAutoConfiguration, org.springframework.boot.test.autoconfigure.web.servlet.MockMvcSecurityAutoConfiguration, org.springframework.boot.test.autoconfigure.web.servlet.MockMvcWebClientAutoConfiguration, org.springframework.boot.test.autoconfigure.web.servlet.MockMvcWebDriverAutoConfiguration]], org.springframework.boot.test.context.filter.ExcludeFilterContextCustomizer@d697f2e, org.springframework.boot.test.json.DuplicateJsonObjectContextCustomizerFactory$DuplicateJsonObjectContextCustomizer@5bae68b7, org.springframework.boot.test.mock.mockito.MockitoContextCustomizer@0], resourceBasePath = 'src/main/webapp', contextLoader = 'org.springframework.boot.test.context.SpringBootContextLoader', parent = [null]], attributes = map[[empty]]], class annotated with @DirtiesContext [false] with mode [null].
19:15:12.646 [Test worker] DEBUG org.springframework.test.annotation.ProfileValueUtils - Retrieved @ProfileValueSourceConfiguration [null] for test class [com.seung.booboo.springboot.web.HelloControllerTest]
19:15:12.647 [Test worker] DEBUG org.springframework.test.annotation.ProfileValueUtils - Retrieved ProfileValueSource type [class org.springframework.test.annotation.SystemProfileValueSource] for class [com.seung.booboo.springboot.web.HelloControllerTest]
19:15:12.671 [Test worker] DEBUG org.springframework.test.context.support.DependencyInjectionTestExecutionListener - Performing dependency injection for test context [[DefaultTestContext@3c6b8940 testClass = HelloControllerTest, testInstance = com.seung.booboo.springboot.web.HelloControllerTest@7239969a, testMethod = [null], testException = [null], mergedContextConfiguration = [WebMergedContextConfiguration@6d588596 testClass = HelloControllerTest, locations = '{}', classes = '{class com.seung.booboo.springboot.Application}', contextInitializerClasses = '[]', activeProfiles = '{}', propertySourceLocations = '{}', propertySourceProperties = '{org.springframework.boot.test.autoconfigure.web.servlet.WebMvcTestContextBootstrapper=true}', contextCustomizers = set[org.springframework.boot.test.autoconfigure.OverrideAutoConfigurationContextCustomizerFactory$DisableAutoConfigurationContextCustomizer@1453a7d, org.springframework.boot.test.autoconfigure.filter.TypeExcludeFiltersContextCustomizer@94a5e008, org.springframework.boot.test.autoconfigure.properties.PropertyMappingContextCustomizer@b20cc438, org.springframework.boot.test.autoconfigure.web.servlet.WebDriverContextCustomizerFactory$Customizer@496b3936, [ImportsContextCustomizer@17f623be key = [org.springframework.boot.autoconfigure.cache.CacheAutoConfiguration, org.springframework.boot.autoconfigure.context.MessageSourceAutoConfiguration, org.springframework.boot.autoconfigure.data.web.SpringDataWebAutoConfiguration, org.springframework.boot.autoconfigure.freemarker.FreeMarkerAutoConfiguration, org.springframework.boot.autoconfigure.groovy.template.GroovyTemplateAutoConfiguration, org.springframework.boot.autoconfigure.gson.GsonAutoConfiguration, org.springframework.boot.autoconfigure.hateoas.HypermediaAutoConfiguration, org.springframework.boot.autoconfigure.http.HttpMessageConvertersAutoConfiguration, org.springframework.boot.autoconfigure.jackson.JacksonAutoConfiguration, org.springframework.boot.autoconfigure.jsonb.JsonbAutoConfiguration, org.springframework.boot.autoconfigure.mustache.MustacheAutoConfiguration, org.springframework.boot.autoconfigure.task.TaskExecutionAutoConfiguration, org.springframework.boot.autoconfigure.thymeleaf.ThymeleafAutoConfiguration, org.springframework.boot.autoconfigure.validation.ValidationAutoConfiguration, org.springframework.boot.autoconfigure.web.servlet.error.ErrorMvcAutoConfiguration, org.springframework.boot.autoconfigure.web.servlet.WebMvcAutoConfiguration, org.springframework.boot.test.autoconfigure.web.servlet.MockMvcAutoConfiguration, org.springframework.boot.test.autoconfigure.web.servlet.MockMvcSecurityAutoConfiguration, org.springframework.boot.test.autoconfigure.web.servlet.MockMvcWebClientAutoConfiguration, org.springframework.boot.test.autoconfigure.web.servlet.MockMvcWebDriverAutoConfiguration]], org.springframework.boot.test.context.filter.ExcludeFilterContextCustomizer@d697f2e, org.springframework.boot.test.json.DuplicateJsonObjectContextCustomizerFactory$DuplicateJsonObjectContextCustomizer@5bae68b7, org.springframework.boot.test.mock.mockito.MockitoContextCustomizer@0], resourceBasePath = 'src/main/webapp', contextLoader = 'org.springframework.boot.test.context.SpringBootContextLoader', parent = [null]], attributes = map[[empty]]]].
19:15:13.163 [Test worker] DEBUG org.springframework.test.context.support.TestPropertySourceUtils - Adding inlined properties to environment: {spring.jmx.enabled=false, org.springframework.boot.test.autoconfigure.web.servlet.WebMvcTestContextBootstrapper=true, server.port=-1}

  .   ____          _            __ _ _
 /\\ / ___'_ __ _ _(_)_ __  __ _ \ \ \ \
( ( )\___ | '_ | '_| | '_ \/ _` | \ \ \ \
 \\/  ___)| |_)| | | | | || (_| |  ) ) ) )
  '  |____| .__|_| |_|_| |_\__, | / / / /
 =========|_|==============|___/=/_/_/_/
 :: Spring Boot ::        (v2.1.7.RELEASE)

2022-01-09 19:15:15.335  INFO 12892 --- [    Test worker] c.s.b.s.web.HelloControllerTest          : Starting HelloControllerTest on LAPTOP-7HV2N31E with PID 12892 (started by seung in C:\Users\seung\Desktop\Spring_BootPJ_booboo)
2022-01-09 19:15:15.360  INFO 12892 --- [    Test worker] c.s.b.s.web.HelloControllerTest          : No active profile set, falling back to default profiles: default
2022-01-09 19:15:22.655  INFO 12892 --- [    Test worker] o.s.s.concurrent.ThreadPoolTaskExecutor  : Initializing ExecutorService 'applicationTaskExecutor'
2022-01-09 19:15:22.909  INFO 12892 --- [    Test worker] o.s.b.a.w.s.WelcomePageHandlerMapping    : Adding welcome page template: index
2022-01-09 19:15:24.662  INFO 12892 --- [    Test worker] .s.s.UserDetailsServiceAutoConfiguration : 

Using generated security password: bc9e3557-0ddf-4c2b-b7c6-f4087e99df63

2022-01-09 19:15:25.844  INFO 12892 --- [    Test worker] o.s.s.web.DefaultSecurityFilterChain     : Creating filter chain: any request, [org.springframework.security.web.context.request.async.WebAsyncManagerIntegrationFilter@1255070c, org.springframework.security.web.context.SecurityContextPersistenceFilter@625e3a8a, org.springframework.security.web.header.HeaderWriterFilter@53ba334a, org.springframework.security.web.csrf.CsrfFilter@95e252d, org.springframework.security.web.authentication.logout.LogoutFilter@31d2939c, org.springframework.security.web.authentication.UsernamePasswordAuthenticationFilter@35904807, org.springframework.security.web.authentication.ui.DefaultLoginPageGeneratingFilter@3cd45130, org.springframework.security.web.authentication.ui.DefaultLogoutPageGeneratingFilter@4958c748, org.springframework.security.web.authentication.www.BasicAuthenticationFilter@71891f05, org.springframework.security.web.savedrequest.RequestCacheAwareFilter@255aeb4, org.springframework.security.web.servletapi.SecurityContextHolderAwareRequestFilter@2e77fff9, org.springframework.security.web.authentication.AnonymousAuthenticationFilter@7dbd33bc, org.springframework.security.web.session.SessionManagementFilter@5b580189, org.springframework.security.web.access.ExceptionTranslationFilter@50466f07, org.springframework.security.web.access.intercept.FilterSecurityInterceptor@67146684]
2022-01-09 19:15:26.603  INFO 12892 --- [    Test worker] o.s.b.t.m.w.SpringBootMockServletContext : Initializing Spring TestDispatcherServlet ''
2022-01-09 19:15:26.604  INFO 12892 --- [    Test worker] o.s.t.web.servlet.TestDispatcherServlet  : Initializing Servlet ''
2022-01-09 19:15:26.644  INFO 12892 --- [    Test worker] o.s.t.web.servlet.TestDispatcherServlet  : Completed initialization in 40 ms
2022-01-09 19:15:26.962  INFO 12892 --- [    Test worker] c.s.b.s.web.HelloControllerTest          : Started HelloControllerTest in 13.762 seconds (JVM running for 19.209)
]]></system-out>
  <system-err><![CDATA[]]></system-err>
</testsuite>
