<?xml version="1.0" encoding="UTF-8"?>
<testsuite name="com.seung.booboo.springboot.web.dto.HelloResponseDtoTest" tests="1" skipped="0" failures="0" errors="0" timestamp="2022-01-14T06:33:36" hostname="seung-springboot-webservice.localdomain" time="0.006">
  <properties/>
  <testcase name="롬복_기능_테스트" classname="com.seung.booboo.springboot.web.dto.HelloResponseDtoTest" time="0.006"/>
  <system-out><![CDATA[]]></system-out>
  <system-err><![CDATA[]]></system-err>
</testsuite>
