<?xml version="1.0" encoding="UTF-8"?>
<testsuite name="com.seung.booboo.springboot.domain.posts.PostsRepositoryTest" tests="2" skipped="0" failures="0" errors="0" timestamp="2022-01-09T10:15:59" hostname="LAPTOP-7HV2N31E" time="1.926">
  <properties/>
  <testcase name="게시글저장_불러오기" classname="com.seung.booboo.springboot.domain.posts.PostsRepositoryTest" time="1.602"/>
  <testcase name="BaseTimeEntity_등록" classname="com.seung.booboo.springboot.domain.posts.PostsRepositoryTest" time="0.323"/>
  <system-out><![CDATA[2022-01-09 19:15:28.892  INFO 12892 --- [    Test worker] .b.t.c.SpringBootTestContextBootstrapper : Neither @ContextConfiguration nor @ContextHierarchy found for test class [com.seung.booboo.springboot.domain.posts.PostsRepositoryTest], using SpringBootContextLoader
2022-01-09 19:15:28.895  INFO 12892 --- [    Test worker] o.s.t.c.support.AbstractContextLoader    : Could not detect default resource locations for test class [com.seung.booboo.springboot.domain.posts.PostsRepositoryTest]: no resource found for suffixes {-context.xml, Context.groovy}.
2022-01-09 19:15:28.895  INFO 12892 --- [    Test worker] t.c.s.AnnotationConfigContextLoaderUtils : Could not detect default configuration classes for test class [com.seung.booboo.springboot.domain.posts.PostsRepositoryTest]: PostsRepositoryTest does not declare any static, non-private, non-final, nested classes annotated with @Configuration.
2022-01-09 19:15:28.956  INFO 12892 --- [    Test worker] .b.t.c.SpringBootTestContextBootstrapper : Found @SpringBootConfiguration com.seung.booboo.springboot.Application for test class com.seung.booboo.springboot.domain.posts.PostsRepositoryTest
2022-01-09 19:15:28.962  INFO 12892 --- [    Test worker] .b.t.c.SpringBootTestContextBootstrapper : Loaded default TestExecutionListener class names from location [META-INF/spring.factories]: [org.springframework.security.test.context.support.WithSecurityContextTestExecutionListener, org.springframework.security.test.context.support.ReactorContextTestExecutionListener, org.springframework.boot.test.autoconfigure.restdocs.RestDocsTestExecutionListener, org.springframework.boot.test.autoconfigure.web.client.MockRestServiceServerResetTestExecutionListener, org.springframework.boot.test.autoconfigure.web.servlet.MockMvcPrintOnlyOnFailureTestExecutionListener, org.springframework.boot.test.autoconfigure.web.servlet.WebDriverTestExecutionListener, org.springframework.boot.test.mock.mockito.MockitoTestExecutionListener, org.springframework.boot.test.mock.mockito.ResetMocksTestExecutionListener, org.springframework.test.context.web.ServletTestExecutionListener, org.springframework.test.context.support.DirtiesContextBeforeModesTestExecutionListener, org.springframework.test.context.support.DependencyInjectionTestExecutionListener, org.springframework.test.context.support.DirtiesContextTestExecutionListener, org.springframework.test.context.transaction.TransactionalTestExecutionListener, org.springframework.test.context.jdbc.SqlScriptsTestExecutionListener]
2022-01-09 19:15:28.966  INFO 12892 --- [    Test worker] .b.t.c.SpringBootTestContextBootstrapper : Using TestExecutionListeners: [org.springframework.test.context.web.ServletTestExecutionListener@3cf2c20b, org.springframework.test.context.support.DirtiesContextBeforeModesTestExecutionListener@615b2c05, org.springframework.boot.test.mock.mockito.MockitoTestExecutionListener@292ab6b5, org.springframework.boot.test.autoconfigure.SpringBootDependencyInjectionTestExecutionListener@5524ee3c, org.springframework.test.context.support.DirtiesContextTestExecutionListener@7fec9c09, org.springframework.test.context.transaction.TransactionalTestExecutionListener@476facf5, org.springframework.test.context.jdbc.SqlScriptsTestExecutionListener@3b8c35b3, org.springframework.security.test.context.support.WithSecurityContextTestExecutionListener@49ab79f0, org.springframework.security.test.context.support.ReactorContextTestExecutionListener@52bcb818, org.springframework.boot.test.autoconfigure.restdocs.RestDocsTestExecutionListener@680eaebe, org.springframework.boot.test.autoconfigure.web.client.MockRestServiceServerResetTestExecutionListener@32f52fa1, org.springframework.boot.test.autoconfigure.web.servlet.MockMvcPrintOnlyOnFailureTestExecutionListener@2003a4f6, org.springframework.boot.test.autoconfigure.web.servlet.WebDriverTestExecutionListener@1748a496, org.springframework.boot.test.mock.mockito.ResetMocksTestExecutionListener@a2e839f]

  .   ____          _            __ _ _
 /\\ / ___'_ __ _ _(_)_ __  __ _ \ \ \ \
( ( )\___ | '_ | '_| | '_ \/ _` | \ \ \ \
 \\/  ___)| |_)| | | | | || (_| |  ) ) ) )
  '  |____| .__|_| |_|_| |_\__, | / / / /
 =========|_|==============|___/=/_/_/_/
 :: Spring Boot ::        (v2.1.7.RELEASE)

2022-01-09 19:15:29.100  INFO 12892 --- [    Test worker] c.s.b.s.d.posts.PostsRepositoryTest      : Starting PostsRepositoryTest on LAPTOP-7HV2N31E with PID 12892 (started by seung in C:\Users\seung\Desktop\Spring_BootPJ_booboo)
2022-01-09 19:15:29.103  INFO 12892 --- [    Test worker] c.s.b.s.d.posts.PostsRepositoryTest      : No active profile set, falling back to default profiles: default
2022-01-09 19:15:31.456  INFO 12892 --- [    Test worker] .s.d.r.c.RepositoryConfigurationDelegate : Bootstrapping Spring Data repositories in DEFAULT mode.
2022-01-09 19:15:31.734  INFO 12892 --- [    Test worker] .s.d.r.c.RepositoryConfigurationDelegate : Finished Spring Data repository scanning in 247ms. Found 2 repository interfaces.
2022-01-09 19:15:33.373  INFO 12892 --- [    Test worker] trationDelegate$BeanPostProcessorChecker : Bean 'org.springframework.transaction.annotation.ProxyTransactionManagementConfiguration' of type [org.springframework.transaction.annotation.ProxyTransactionManagementConfiguration$$EnhancerBySpringCGLIB$$3a0607e9] is not eligible for getting processed by all BeanPostProcessors (for example: not eligible for auto-proxying)
2022-01-09 19:15:33.912  INFO 12892 --- [    Test worker] com.zaxxer.hikari.HikariDataSource       : HikariPool-1 - Starting...
2022-01-09 19:15:34.637  INFO 12892 --- [    Test worker] com.zaxxer.hikari.HikariDataSource       : HikariPool-1 - Start completed.
2022-01-09 19:15:35.860  INFO 12892 --- [    Test worker] o.hibernate.jpa.internal.util.LogHelper  : HHH000204: Processing PersistenceUnitInfo [
	name: default
	...]
2022-01-09 19:15:36.348  INFO 12892 --- [    Test worker] org.hibernate.Version                    : HHH000412: Hibernate Core {5.3.10.Final}
2022-01-09 19:15:36.376  INFO 12892 --- [    Test worker] org.hibernate.cfg.Environment            : HHH000206: hibernate.properties not found
2022-01-09 19:15:36.582  INFO 12892 --- [    Test worker] o.hibernate.annotations.common.Version   : HCANN000001: Hibernate Commons Annotations {5.0.4.Final}
2022-01-09 19:15:37.396  INFO 12892 --- [    Test worker] org.hibernate.dialect.Dialect            : HHH000400: Using dialect: org.hibernate.dialect.MySQL5InnoDBDialect
Hibernate: drop table if exists posts
Hibernate: drop table if exists user
Hibernate: create table posts (id bigint not null auto_increment, created_date datetime, modified_date datetime, author varchar(255), content TEXT not null, title varchar(500) not null, primary key (id)) engine=InnoDB
Hibernate: create table user (id bigint not null auto_increment, created_date datetime, modified_date datetime, email varchar(255) not null, name varchar(255) not null, picture varchar(255), role varchar(255), primary key (id)) engine=InnoDB
2022-01-09 19:15:43.603  INFO 12892 --- [    Test worker] o.h.t.schema.internal.SchemaCreatorImpl  : HHH000476: Executing import script 'org.hibernate.tool.schema.internal.exec.ScriptSourceInputNonExistentImpl@769a12d7'
2022-01-09 19:15:43.630  INFO 12892 --- [    Test worker] j.LocalContainerEntityManagerFactoryBean : Initialized JPA EntityManagerFactory for persistence unit 'default'
2022-01-09 19:15:47.670  INFO 12892 --- [    Test worker] o.h.h.i.QueryTranslatorFactoryInitiator  : HHH000397: Using ASTQueryTranslatorFactory
2022-01-09 19:15:49.911  INFO 12892 --- [    Test worker] o.s.s.web.DefaultSecurityFilterChain     : Creating filter chain: any request, [org.springframework.security.web.context.request.async.WebAsyncManagerIntegrationFilter@6c1205e4, org.springframework.security.web.context.SecurityContextPersistenceFilter@37fe3dbc, org.springframework.security.web.header.HeaderWriterFilter@440f90cb, org.springframework.security.web.authentication.logout.LogoutFilter@649a6cf6, org.springframework.security.oauth2.client.web.OAuth2AuthorizationRequestRedirectFilter@711eee4b, org.springframework.security.oauth2.client.web.OAuth2LoginAuthenticationFilter@3c0ddc88, org.springframework.security.web.authentication.ui.DefaultLoginPageGeneratingFilter@22cfb6ce, org.springframework.security.web.authentication.ui.DefaultLogoutPageGeneratingFilter@6a7ce33f, org.springframework.security.web.savedrequest.RequestCacheAwareFilter@da85ec8, org.springframework.security.web.servletapi.SecurityContextHolderAwareRequestFilter@35990e7e, org.springframework.security.web.authentication.AnonymousAuthenticationFilter@38479b64, org.springframework.security.web.session.SessionManagementFilter@433a9f7c, org.springframework.security.web.access.ExceptionTranslationFilter@3e208992, org.springframework.security.web.access.intercept.FilterSecurityInterceptor@62165011]
2022-01-09 19:15:54.935  INFO 12892 --- [    Test worker] o.s.s.concurrent.ThreadPoolTaskExecutor  : Initializing ExecutorService 'applicationTaskExecutor'
2022-01-09 19:15:55.010  WARN 12892 --- [    Test worker] aWebConfiguration$JpaWebMvcConfiguration : spring.jpa.open-in-view is enabled by default. Therefore, database queries may be performed during view rendering. Explicitly configure spring.jpa.open-in-view to disable this warning
2022-01-09 19:15:55.872  INFO 12892 --- [    Test worker] o.s.b.a.w.s.WelcomePageHandlerMapping    : Adding welcome page template: index
2022-01-09 19:15:59.828  INFO 12892 --- [    Test worker] s.a.ScheduledAnnotationBeanPostProcessor : No TaskScheduler/ScheduledExecutorService bean found for scheduled processing
2022-01-09 19:15:59.853  INFO 12892 --- [    Test worker] c.s.b.s.d.posts.PostsRepositoryTest      : Started PostsRepositoryTest in 30.88 seconds (JVM running for 52.101)
Hibernate: insert into posts (created_date, modified_date, author, content, title) values (?, ?, ?, ?, ?)
Hibernate: select posts0_.id as id1_0_, posts0_.created_date as created_2_0_, posts0_.modified_date as modified3_0_, posts0_.author as author4_0_, posts0_.content as content5_0_, posts0_.title as title6_0_ from posts posts0_
Hibernate: select posts0_.id as id1_0_, posts0_.created_date as created_2_0_, posts0_.modified_date as modified3_0_, posts0_.author as author4_0_, posts0_.content as content5_0_, posts0_.title as title6_0_ from posts posts0_
Hibernate: delete from posts where id=?
Hibernate: insert into posts (created_date, modified_date, author, content, title) values (?, ?, ?, ?, ?)
Hibernate: select posts0_.id as id1_0_, posts0_.created_date as created_2_0_, posts0_.modified_date as modified3_0_, posts0_.author as author4_0_, posts0_.content as content5_0_, posts0_.title as title6_0_ from posts posts0_
>>>>>>> createDate=2022-01-09T19:16:01.554, modifiedDate = 2022-01-09T19:16:01.554
Hibernate: select posts0_.id as id1_0_, posts0_.created_date as created_2_0_, posts0_.modified_date as modified3_0_, posts0_.author as author4_0_, posts0_.content as content5_0_, posts0_.title as title6_0_ from posts posts0_
Hibernate: delete from posts where id=?
]]></system-out>
  <system-err><![CDATA[]]></system-err>
</testsuite>
