<?xml version="1.0" encoding="UTF-8"?>
<testsuite name="com.seung.booboo.springboot.web.PostsApiControllerTest" tests="2" skipped="0" failures="0" errors="0" timestamp="2022-01-14T06:33:36" hostname="seung-springboot-webservice.localdomain" time="0.242">
  <properties/>
  <testcase name="Posts_등록된다" classname="com.seung.booboo.springboot.web.PostsApiControllerTest" time="0.16"/>
  <testcase name="Posts_수정된다" classname="com.seung.booboo.springboot.web.PostsApiControllerTest" time="0.077"/>
  <system-out><![CDATA[2022-01-14 15:33:36.269  INFO 1468 --- [    Test worker] .b.t.c.SpringBootTestContextBootstrapper : Neither @ContextConfiguration nor @ContextHierarchy found for test class [com.seung.booboo.springboot.web.PostsApiControllerTest], using SpringBootContextLoader
2022-01-14 15:33:36.271  INFO 1468 --- [    Test worker] o.s.t.c.support.AbstractContextLoader    : Could not detect default resource locations for test class [com.seung.booboo.springboot.web.PostsApiControllerTest]: no resource found for suffixes {-context.xml, Context.groovy}.
2022-01-14 15:33:36.273  INFO 1468 --- [    Test worker] t.c.s.AnnotationConfigContextLoaderUtils : Could not detect default configuration classes for test class [com.seung.booboo.springboot.web.PostsApiControllerTest]: PostsApiControllerTest does not declare any static, non-private, non-final, nested classes annotated with @Configuration.
2022-01-14 15:33:36.274  INFO 1468 --- [    Test worker] .b.t.c.SpringBootTestContextBootstrapper : Found @SpringBootConfiguration com.seung.booboo.springboot.Application for test class com.seung.booboo.springboot.web.PostsApiControllerTest
2022-01-14 15:33:36.279  INFO 1468 --- [    Test worker] .b.t.c.SpringBootTestContextBootstrapper : Loaded default TestExecutionListener class names from location [META-INF/spring.factories]: [org.springframework.security.test.context.support.WithSecurityContextTestExecutionListener, org.springframework.security.test.context.support.ReactorContextTestExecutionListener, org.springframework.boot.test.autoconfigure.restdocs.RestDocsTestExecutionListener, org.springframework.boot.test.autoconfigure.web.client.MockRestServiceServerResetTestExecutionListener, org.springframework.boot.test.autoconfigure.web.servlet.MockMvcPrintOnlyOnFailureTestExecutionListener, org.springframework.boot.test.autoconfigure.web.servlet.WebDriverTestExecutionListener, org.springframework.boot.test.mock.mockito.MockitoTestExecutionListener, org.springframework.boot.test.mock.mockito.ResetMocksTestExecutionListener, org.springframework.test.context.web.ServletTestExecutionListener, org.springframework.test.context.support.DirtiesContextBeforeModesTestExecutionListener, org.springframework.test.context.support.DependencyInjectionTestExecutionListener, org.springframework.test.context.support.DirtiesContextTestExecutionListener, org.springframework.test.context.transaction.TransactionalTestExecutionListener, org.springframework.test.context.jdbc.SqlScriptsTestExecutionListener]
2022-01-14 15:33:36.280  INFO 1468 --- [    Test worker] .b.t.c.SpringBootTestContextBootstrapper : Using TestExecutionListeners: [org.springframework.test.context.web.ServletTestExecutionListener@2dc4e914, org.springframework.test.context.support.DirtiesContextBeforeModesTestExecutionListener@7d482fc4, org.springframework.boot.test.mock.mockito.MockitoTestExecutionListener@3c67bfcd, org.springframework.boot.test.autoconfigure.SpringBootDependencyInjectionTestExecutionListener@477320f7, org.springframework.test.context.support.DirtiesContextTestExecutionListener@4df5fd44, org.springframework.test.context.transaction.TransactionalTestExecutionListener@71ffdd31, org.springframework.test.context.jdbc.SqlScriptsTestExecutionListener@70678d14, org.springframework.security.test.context.support.WithSecurityContextTestExecutionListener@2e4d7f77, org.springframework.security.test.context.support.ReactorContextTestExecutionListener@4c30a827, org.springframework.boot.test.autoconfigure.restdocs.RestDocsTestExecutionListener@4329f2c5, org.springframework.boot.test.autoconfigure.web.client.MockRestServiceServerResetTestExecutionListener@feac899, org.springframework.boot.test.autoconfigure.web.servlet.MockMvcPrintOnlyOnFailureTestExecutionListener@4a99b8d4, org.springframework.boot.test.autoconfigure.web.servlet.WebDriverTestExecutionListener@3a14030, org.springframework.boot.test.mock.mockito.ResetMocksTestExecutionListener@f92355b]
2022-01-14 15:33:36.297  INFO 1468 --- [    Test worker] o.a.c.c.C.[Tomcat].[localhost].[/]       : Initializing Spring TestDispatcherServlet ''
2022-01-14 15:33:36.298  INFO 1468 --- [    Test worker] o.s.t.web.servlet.TestDispatcherServlet  : Initializing Servlet ''
2022-01-14 15:33:36.301  INFO 1468 --- [    Test worker] o.s.t.web.servlet.TestDispatcherServlet  : Completed initialization in 3 ms
Hibernate: insert into posts (created_date, modified_date, author, content, title) values (?, ?, ?, ?, ?)
Hibernate: select posts0_.id as id1_0_, posts0_.created_date as created_2_0_, posts0_.modified_date as modified3_0_, posts0_.author as author4_0_, posts0_.content as content5_0_, posts0_.title as title6_0_ from posts posts0_
Hibernate: select posts0_.id as id1_0_, posts0_.created_date as created_2_0_, posts0_.modified_date as modified3_0_, posts0_.author as author4_0_, posts0_.content as content5_0_, posts0_.title as title6_0_ from posts posts0_
Hibernate: delete from posts where id=?
2022-01-14 15:33:36.455  INFO 1468 --- [    Test worker] o.a.c.c.C.[Tomcat].[localhost].[/]       : Initializing Spring TestDispatcherServlet ''
2022-01-14 15:33:36.456  INFO 1468 --- [    Test worker] o.s.t.web.servlet.TestDispatcherServlet  : Initializing Servlet ''
2022-01-14 15:33:36.464  INFO 1468 --- [    Test worker] o.s.t.web.servlet.TestDispatcherServlet  : Completed initialization in 4 ms
Hibernate: insert into posts (created_date, modified_date, author, content, title) values (?, ?, ?, ?, ?)
Hibernate: select posts0_.id as id1_0_0_, posts0_.created_date as created_2_0_0_, posts0_.modified_date as modified3_0_0_, posts0_.author as author4_0_0_, posts0_.content as content5_0_0_, posts0_.title as title6_0_0_ from posts posts0_ where posts0_.id=?
Hibernate: update posts set created_date=?, modified_date=?, author=?, content=?, title=? where id=?
Hibernate: select posts0_.id as id1_0_, posts0_.created_date as created_2_0_, posts0_.modified_date as modified3_0_, posts0_.author as author4_0_, posts0_.content as content5_0_, posts0_.title as title6_0_ from posts posts0_
Hibernate: select posts0_.id as id1_0_, posts0_.created_date as created_2_0_, posts0_.modified_date as modified3_0_, posts0_.author as author4_0_, posts0_.content as content5_0_, posts0_.title as title6_0_ from posts posts0_
Hibernate: delete from posts where id=?
]]></system-out>
  <system-err><![CDATA[]]></system-err>
</testsuite>
