<?xml version="1.0" encoding="UTF-8"?>
<testsuite name="com.seung.booboo.springboot.web.HelloControllerTest" tests="2" skipped="0" failures="0" errors="0" timestamp="2022-01-14T06:33:31" hostname="seung-springboot-webservice.localdomain" time="0.356">
  <properties/>
  <testcase name="hello가_리턴된다" classname="com.seung.booboo.springboot.web.HelloControllerTest" time="0.165"/>
  <testcase name="HelloDTO가_리턴된다" classname="com.seung.booboo.springboot.web.HelloControllerTest" time="0.189"/>
  <system-out><![CDATA[2022-01-14 15:33:28.922  INFO 1468 --- [    Test worker] .b.t.a.w.s.WebMvcTestContextBootstrapper : Neither @ContextConfiguration nor @ContextHierarchy found for test class [com.seung.booboo.springboot.web.HelloControllerTest], using SpringBootContextLoader
2022-01-14 15:33:28.930  INFO 1468 --- [    Test worker] o.s.t.c.support.AbstractContextLoader    : Could not detect default resource locations for test class [com.seung.booboo.springboot.web.HelloControllerTest]: no resource found for suffixes {-context.xml, Context.groovy}.
2022-01-14 15:33:28.934  INFO 1468 --- [    Test worker] t.c.s.AnnotationConfigContextLoaderUtils : Could not detect default configuration classes for test class [com.seung.booboo.springboot.web.HelloControllerTest]: HelloControllerTest does not declare any static, non-private, non-final, nested classes annotated with @Configuration.
2022-01-14 15:33:29.005  INFO 1468 --- [    Test worker] .b.t.c.SpringBootTestContextBootstrapper : Found @SpringBootConfiguration com.seung.booboo.springboot.Application for test class com.seung.booboo.springboot.web.HelloControllerTest
2022-01-14 15:33:29.009  INFO 1468 --- [    Test worker] .b.t.a.w.s.WebMvcTestContextBootstrapper : Loaded default TestExecutionListener class names from location [META-INF/spring.factories]: [org.springframework.security.test.context.support.WithSecurityContextTestExecutionListener, org.springframework.security.test.context.support.ReactorContextTestExecutionListener, org.springframework.boot.test.autoconfigure.restdocs.RestDocsTestExecutionListener, org.springframework.boot.test.autoconfigure.web.client.MockRestServiceServerResetTestExecutionListener, org.springframework.boot.test.autoconfigure.web.servlet.MockMvcPrintOnlyOnFailureTestExecutionListener, org.springframework.boot.test.autoconfigure.web.servlet.WebDriverTestExecutionListener, org.springframework.boot.test.mock.mockito.MockitoTestExecutionListener, org.springframework.boot.test.mock.mockito.ResetMocksTestExecutionListener, org.springframework.test.context.web.ServletTestExecutionListener, org.springframework.test.context.support.DirtiesContextBeforeModesTestExecutionListener, org.springframework.test.context.support.DependencyInjectionTestExecutionListener, org.springframework.test.context.support.DirtiesContextTestExecutionListener, org.springframework.test.context.transaction.TransactionalTestExecutionListener, org.springframework.test.context.jdbc.SqlScriptsTestExecutionListener]
2022-01-14 15:33:29.011  INFO 1468 --- [    Test worker] .b.t.a.w.s.WebMvcTestContextBootstrapper : Using TestExecutionListeners: [org.springframework.test.context.web.ServletTestExecutionListener@2a19a53e, org.springframework.test.context.support.DirtiesContextBeforeModesTestExecutionListener@4139328b, org.springframework.boot.test.mock.mockito.MockitoTestExecutionListener@5eddc3b, org.springframework.boot.test.autoconfigure.SpringBootDependencyInjectionTestExecutionListener@7cc9e35d, org.springframework.test.context.support.DirtiesContextTestExecutionListener@1b9e89af, org.springframework.test.context.transaction.TransactionalTestExecutionListener@133b4d3d, org.springframework.test.context.jdbc.SqlScriptsTestExecutionListener@785c4765, org.springframework.security.test.context.support.WithSecurityContextTestExecutionListener@4bbc9038, org.springframework.security.test.context.support.ReactorContextTestExecutionListener@2480bb11, org.springframework.boot.test.autoconfigure.restdocs.RestDocsTestExecutionListener@6d1b5819, org.springframework.boot.test.autoconfigure.web.client.MockRestServiceServerResetTestExecutionListener@77e65db0, org.springframework.boot.test.autoconfigure.web.servlet.MockMvcPrintOnlyOnFailureTestExecutionListener@58742e24, org.springframework.boot.test.autoconfigure.web.servlet.WebDriverTestExecutionListener@798d4e08, org.springframework.boot.test.mock.mockito.ResetMocksTestExecutionListener@4ee11ab0]

  .   ____          _            __ _ _
 /\\ / ___'_ __ _ _(_)_ __  __ _ \ \ \ \
( ( )\___ | '_ | '_| | '_ \/ _` | \ \ \ \
 \\/  ___)| |_)| | | | | || (_| |  ) ) ) )
  '  |____| .__|_| |_|_| |_\__, | / / / /
 =========|_|==============|___/=/_/_/_/
 :: Spring Boot ::        (v2.1.7.RELEASE)

2022-01-14 15:33:29.088  INFO 1468 --- [    Test worker] c.s.b.s.web.HelloControllerTest          : Starting HelloControllerTest on seung-springboot-webservice.localdomain with PID 1468 (started by ec2-user in /home/ec2-user/app/step1/Spring_BootPJ_booboo)
2022-01-14 15:33:29.094  INFO 1468 --- [    Test worker] c.s.b.s.web.HelloControllerTest          : No active profile set, falling back to default profiles: default
2022-01-14 15:33:30.405  INFO 1468 --- [    Test worker] o.s.s.concurrent.ThreadPoolTaskExecutor  : Initializing ExecutorService 'applicationTaskExecutor'
2022-01-14 15:33:30.499  INFO 1468 --- [    Test worker] o.s.b.a.w.s.WelcomePageHandlerMapping    : Adding welcome page template: index
2022-01-14 15:33:30.866  INFO 1468 --- [    Test worker] .s.s.UserDetailsServiceAutoConfiguration : 

Using generated security password: fb3b1a18-9455-4981-bf08-5100e5367427

2022-01-14 15:33:31.105  INFO 1468 --- [    Test worker] o.s.s.web.DefaultSecurityFilterChain     : Creating filter chain: any request, [org.springframework.security.web.context.request.async.WebAsyncManagerIntegrationFilter@456847c9, org.springframework.security.web.context.SecurityContextPersistenceFilter@12465d99, org.springframework.security.web.header.HeaderWriterFilter@73c2c11a, org.springframework.security.web.csrf.CsrfFilter@33a1f417, org.springframework.security.web.authentication.logout.LogoutFilter@6e0193cd, org.springframework.security.web.authentication.UsernamePasswordAuthenticationFilter@17ae0732, org.springframework.security.web.authentication.ui.DefaultLoginPageGeneratingFilter@55e447c7, org.springframework.security.web.authentication.ui.DefaultLogoutPageGeneratingFilter@202f66df, org.springframework.security.web.authentication.www.BasicAuthenticationFilter@5a0b0c2a, org.springframework.security.web.savedrequest.RequestCacheAwareFilter@316340a, org.springframework.security.web.servletapi.SecurityContextHolderAwareRequestFilter@66b9ef63, org.springframework.security.web.authentication.AnonymousAuthenticationFilter@224744ac, org.springframework.security.web.session.SessionManagementFilter@4fff8239, org.springframework.security.web.access.ExceptionTranslationFilter@2456a2f1, org.springframework.security.web.access.intercept.FilterSecurityInterceptor@6fa7f8f0]
2022-01-14 15:33:31.179  INFO 1468 --- [    Test worker] o.s.b.t.m.w.SpringBootMockServletContext : Initializing Spring TestDispatcherServlet ''
2022-01-14 15:33:31.180  INFO 1468 --- [    Test worker] o.s.t.web.servlet.TestDispatcherServlet  : Initializing Servlet ''
2022-01-14 15:33:31.201  INFO 1468 --- [    Test worker] o.s.t.web.servlet.TestDispatcherServlet  : Completed initialization in 21 ms
2022-01-14 15:33:31.272  INFO 1468 --- [    Test worker] c.s.b.s.web.HelloControllerTest          : Started HelloControllerTest in 2.25 seconds (JVM running for 21.437)
]]></system-out>
  <system-err><![CDATA[]]></system-err>
</testsuite>
